[2016-03-05 20:04:48.293] [INFO] appLog - Server listening on port: 3000
[2016-03-05 20:04:49.323] [ERROR] appLog - Error in connecting to Mongo DB MongoError: connect ECONNREFUSED 127.0.0.1:27017
[2016-03-05 20:08:10.860] [INFO] appLog - Server listening on port: 3000
[2016-03-05 20:08:10.886] [INFO] appLog - Connected to Mongo DB successfully
[2016-03-05 20:09:46.943] [INFO] appLog - User registered successfully
[2016-03-05 20:58:31.276] [INFO] appLog - Server listening on port: 3000
[2016-03-05 20:58:31.303] [INFO] appLog - Connected to Mongo DB successfully
[2016-03-05 21:00:30.353] [INFO] appLog - Server listening on port: 3000
[2016-03-05 21:00:30.379] [INFO] appLog - Connected to Mongo DB successfully
[2016-03-05 22:18:28.183] [INFO] appLog - Server listening on port: 3000
[2016-03-05 22:18:28.210] [INFO] appLog - Connected to Mongo DB successfully
[2016-03-05 22:19:25.095] [INFO] appLog - Server listening on port: 3000
[2016-03-05 22:19:25.121] [INFO] appLog - Connected to Mongo DB successfully
[2016-03-05 22:25:34.430] [INFO] appLog - Server listening on port: 3000
[2016-03-05 22:25:34.459] [INFO] appLog - Connected to Mongo DB successfully
[2016-03-05 22:27:39.833] [INFO] appLog - Server listening on port: 3000
[2016-03-05 22:27:39.863] [INFO] appLog - Connected to Mongo DB successfully
[2016-03-05 23:24:48.604] [INFO] appLog - Server listening on port: 3000
[2016-03-05 23:24:48.633] [INFO] appLog - Connected to Mongo DB successfully
[2016-03-05 23:41:26.756] [INFO] appLog - Server listening on port: 3000
[2016-03-05 23:41:26.821] [INFO] appLog - Connected to Mongo DB successfully
[2016-03-06 00:24:00.093] [INFO] appLog - Server listening on port: 3000
[2016-03-06 00:24:00.154] [INFO] appLog - Connected to Mongo DB successfully
[2016-03-06 10:54:19.296] [INFO] appLog - Server listening on port: 3000
[2016-03-06 10:54:19.328] [INFO] appLog - Connected to Mongo DB successfully
[2016-03-06 10:56:20.850] [INFO] appLog - Server listening on port: 3000
[2016-03-06 10:56:20.882] [INFO] appLog - Connected to Mongo DB successfully
[2016-03-06 10:57:51.618] [INFO] appLog - Server listening on port: 3000
[2016-03-06 10:57:51.649] [INFO] appLog - Connected to Mongo DB successfully
[2016-03-06 10:58:36.397] [INFO] appLog - Server listening on port: 3000
[2016-03-06 10:58:36.428] [INFO] appLog - Connected to Mongo DB successfully
[2016-03-06 10:59:00.408] [INFO] appLog - Server listening on port: 3000
[2016-03-06 10:59:00.439] [INFO] appLog - Connected to Mongo DB successfully
[2016-03-06 11:07:03.726] [INFO] appLog - Server listening on port: 3000
[2016-03-06 11:07:03.762] [INFO] appLog - Connected to Mongo DB successfully
[2016-03-06 11:07:42.676] [INFO] appLog - Server listening on port: 3000
[2016-03-06 11:07:42.732] [INFO] appLog - Connected to Mongo DB successfully
[2016-03-06 11:07:57.960] [INFO] appLog - Server listening on port: 3000
[2016-03-06 11:07:57.992] [INFO] appLog - Connected to Mongo DB successfully
[2016-03-06 11:08:55.138] [INFO] appLog - Server listening on port: 3000
[2016-03-06 11:08:55.171] [INFO] appLog - Connected to Mongo DB successfully
[2016-03-06 11:10:03.811] [INFO] appLog - Server listening on port: 3000
[2016-03-06 11:10:03.840] [INFO] appLog - Connected to Mongo DB successfully
[2016-03-06 11:11:18.338] [INFO] appLog - Server listening on port: 3000
[2016-03-06 11:11:18.390] [INFO] appLog - Connected to Mongo DB successfully
[2016-03-06 11:13:13.239] [INFO] appLog - Server listening on port: 3000
[2016-03-06 11:13:13.268] [INFO] appLog - Connected to Mongo DB successfully
[2016-03-06 11:14:04.602] [INFO] appLog - Server listening on port: 3000
[2016-03-06 11:14:04.638] [INFO] appLog - Connected to Mongo DB successfully
[2016-03-06 11:15:18.051] [INFO] appLog - Server listening on port: 3000
[2016-03-06 11:15:18.103] [INFO] appLog - Connected to Mongo DB successfully
[2016-03-06 11:22:08.394] [INFO] appLog - Server listening on port: 3000
[2016-03-06 11:22:08.421] [INFO] appLog - Connected to Mongo DB successfully
[2016-03-06 11:26:27.035] [INFO] appLog - Server listening on port: 3000
[2016-03-06 11:26:27.068] [INFO] appLog - Connected to Mongo DB successfully
[2016-03-06 11:32:06.365] [INFO] appLog - Server listening on port: 3000
[2016-03-06 11:32:06.396] [INFO] appLog - Connected to Mongo DB successfully
[2016-03-06 11:33:07.795] [INFO] appLog - Server listening on port: 3000
[2016-03-06 11:33:07.824] [INFO] appLog - Connected to Mongo DB successfully
[2016-03-06 11:35:11.562] [INFO] appLog - Server listening on port: 3000
[2016-03-06 11:35:11.593] [INFO] appLog - Connected to Mongo DB successfully
[2016-03-06 11:36:12.688] [INFO] appLog - Server listening on port: 3000
[2016-03-06 11:36:12.732] [INFO] appLog - Connected to Mongo DB successfully
[2016-03-06 11:38:37.391] [INFO] appLog - Server listening on port: 3000
[2016-03-06 11:38:37.424] [INFO] appLog - Connected to Mongo DB successfully
[2016-03-06 11:40:08.699] [INFO] appLog - Server listening on port: 3000
[2016-03-06 11:40:08.731] [INFO] appLog - Connected to Mongo DB successfully
[2016-03-06 11:46:22.114] [INFO] appLog - Server listening on port: 3000
[2016-03-06 11:46:22.138] [INFO] appLog - Connected to Mongo DB successfully
[2016-03-06 13:01:41.752] [INFO] appLog - User registered successfully
[2016-03-06 13:48:03.460] [INFO] appLog - Server listening on port: 3000
[2016-03-06 13:48:03.484] [INFO] appLog - Connected to Mongo DB successfully
[2016-03-06 13:52:53.012] [INFO] appLog - Server listening on port: 3000
[2016-03-06 13:52:53.037] [INFO] appLog - Connected to Mongo DB successfully
[2016-03-06 13:54:12.914] [INFO] appLog - Server listening on port: 3000
[2016-03-06 13:54:12.938] [INFO] appLog - Connected to Mongo DB successfully
[2016-03-06 13:57:38.610] [INFO] appLog - Server listening on port: 3000
[2016-03-06 13:57:38.635] [INFO] appLog - Connected to Mongo DB successfully
[2016-03-06 13:58:51.973] [INFO] appLog - Server listening on port: 3000
[2016-03-06 13:58:51.997] [INFO] appLog - Connected to Mongo DB successfully
[2016-03-06 18:33:57.400] [INFO] appLog - Server listening on port: 3000
[2016-03-06 18:33:57.426] [INFO] appLog - Connected to Mongo DB successfully
[2016-03-06 19:52:07.122] [INFO] appLog - Server listening on port: 3000
[2016-03-06 19:52:07.146] [INFO] appLog - Connected to Mongo DB successfully
[2016-03-06 19:55:55.400] [INFO] appLog - Server listening on port: 3000
[2016-03-06 19:55:55.427] [INFO] appLog - Connected to Mongo DB successfully
[2016-03-06 19:59:29.343] [INFO] appLog - Server listening on port: 3000
[2016-03-06 19:59:29.373] [INFO] appLog - Connected to Mongo DB successfully
[2016-03-06 20:00:53.702] [INFO] appLog - Server listening on port: 3000
[2016-03-06 20:00:53.729] [INFO] appLog - Connected to Mongo DB successfully
[2016-03-06 20:02:24.184] [INFO] appLog - Server listening on port: 3000
[2016-03-06 20:02:24.215] [INFO] appLog - Connected to Mongo DB successfully
[2016-03-06 20:02:28.403] [INFO] appLog - Server listening on port: 3000
[2016-03-06 20:02:28.434] [INFO] appLog - Connected to Mongo DB successfully
[2016-03-06 20:13:31.784] [INFO] appLog - Server listening on port: 3000
[2016-03-06 20:13:31.811] [INFO] appLog - Connected to Mongo DB successfully
[2016-03-06 20:33:55.961] [INFO] appLog - Server listening on port: 3000
[2016-03-06 20:33:55.986] [INFO] appLog - Connected to Mongo DB successfully
[2016-03-06 20:34:24.583] [INFO] appLog - Server listening on port: 3000
[2016-03-06 20:34:24.610] [INFO] appLog - Connected to Mongo DB successfully
[2016-03-06 20:37:30.557] [INFO] appLog - Server listening on port: 3000
[2016-03-06 20:37:30.586] [INFO] appLog - Connected to Mongo DB successfully
[2016-03-07 10:38:08.263] [INFO] appLog - Server listening on port: 3000
[2016-03-07 10:38:08.288] [INFO] appLog - Connected to Mongo DB successfully
[2016-03-07 10:50:48.048] [INFO] appLog - Server listening on port: 3000
[2016-03-07 10:50:48.074] [INFO] appLog - Connected to Mongo DB successfully
[2016-03-07 14:44:27.194] [INFO] appLog - Server listening on port: 3000
[2016-03-07 14:44:27.221] [INFO] appLog - Connected to Mongo DB successfully
[2016-03-07 14:57:25.467] [INFO] appLog - Server listening on port: 3000
[2016-03-07 14:57:25.482] [INFO] appLog - Connected to Mongo DB successfully
[2016-03-07 14:57:33.742] [INFO] appLog - Results fetched
[2016-03-07 14:57:54.820] [INFO] appLog - Results fetched
[2016-03-07 14:58:10.897] [INFO] appLog - Results fetched
[2016-03-07 14:59:49.518] [INFO] appLog - Results fetched
[2016-03-07 15:04:23.830] [INFO] appLog - Results fetched
[2016-03-07 15:05:03.535] [INFO] appLog - Results fetched
[2016-03-07 15:05:35.328] [INFO] appLog - Results fetched
[2016-03-07 15:12:16.977] [INFO] appLog - Results fetched
[2016-03-07 15:16:19.514] [INFO] appLog - Results fetched
[2016-03-07 15:18:09.733] [INFO] appLog - Results fetched
[2016-03-07 15:18:26.540] [INFO] appLog - Results fetched
[2016-03-07 15:19:04.828] [INFO] appLog - Results fetched
[2016-03-07 15:20:01.784] [INFO] appLog - Results fetched
[2016-03-07 15:22:54.487] [INFO] appLog - Results fetched
[2016-03-07 15:23:44.176] [INFO] appLog - Results fetched
[2016-03-07 15:58:14.625] [INFO] appLog - Server listening on port: 3000
[2016-03-07 15:58:14.641] [INFO] appLog - Connected to Mongo DB successfully
[2016-03-07 15:58:34.494] [INFO] appLog - Results fetched
[2016-03-07 16:03:44.295] [INFO] appLog - Results fetched
[2016-03-07 16:04:51.387] [INFO] appLog - Results fetched
[2016-03-07 16:07:43.059] [INFO] appLog - Results fetched
[2016-03-07 16:10:13.168] [INFO] appLog - Results fetched
[2016-03-07 16:10:26.899] [INFO] appLog - Results fetched
[2016-03-07 16:13:53.565] [INFO] appLog - Results fetched
[2016-03-07 16:14:10.418] [INFO] appLog - Results fetched
[2016-03-07 16:14:20.106] [INFO] appLog - Results fetched
[2016-03-07 16:15:39.888] [INFO] appLog - Results fetched
[2016-03-07 16:15:50.153] [INFO] appLog - Results fetched
[2016-03-07 16:17:31.329] [INFO] appLog - Results fetched
[2016-03-07 16:17:59.722] [INFO] appLog - Results fetched
[2016-03-07 16:19:18.802] [INFO] appLog - Results fetched
[2016-03-07 16:19:44.277] [INFO] appLog - Results fetched
[2016-03-07 16:19:49.355] [INFO] appLog - Results fetched
[2016-03-07 16:19:57.542] [INFO] appLog - Results fetched
[2016-03-07 16:20:10.248] [INFO] appLog - Results fetched
[2016-03-07 16:20:22.671] [INFO] appLog - Results fetched
[2016-03-07 16:20:28.861] [INFO] appLog - Results fetched
[2016-03-07 16:20:34.583] [INFO] appLog - Results fetched
[2016-03-07 16:28:13.948] [INFO] appLog - Results fetched
[2016-03-07 16:33:53.807] [INFO] appLog - Results fetched
[2016-03-07 16:40:11.093] [INFO] appLog - Results fetched
[2016-03-07 16:40:53.399] [INFO] appLog - Results fetched
[2016-03-07 16:41:45.529] [INFO] appLog - Results fetched
[2016-03-07 16:43:54.888] [INFO] appLog - Results fetched
[2016-03-07 16:44:34.219] [INFO] appLog - Results fetched
[2016-03-07 16:45:32.873] [INFO] appLog - Results fetched
[2016-03-07 16:47:32.276] [INFO] appLog - Results fetched
[2016-03-07 16:59:14.134] [INFO] appLog - Server listening on port: 3000
[2016-03-07 16:59:14.151] [INFO] appLog - Connected to Mongo DB successfully
[2016-03-07 16:59:34.387] [INFO] appLog - Results fetched
[2016-03-07 17:00:39.504] [INFO] appLog - Results fetched
[2016-03-07 17:05:06.374] [INFO] appLog - Results fetched
[2016-03-07 17:45:36.531] [INFO] appLog - Results fetched
[2016-03-07 17:46:26.250] [INFO] appLog - Results fetched
[2016-03-07 17:46:37.308] [INFO] appLog - Results fetched
[2016-03-07 17:49:17.729] [INFO] appLog - Results fetched
[2016-03-07 17:53:15.422] [INFO] appLog - Results fetched
[2016-03-07 17:54:11.387] [INFO] appLog - Results fetched
[2016-03-07 17:54:44.708] [INFO] appLog - Results fetched
[2016-03-07 17:54:59.729] [INFO] appLog - Results fetched
[2016-03-07 17:55:07.541] [INFO] appLog - Results fetched
[2016-03-07 17:55:34.674] [INFO] appLog - Results fetched
[2016-03-07 17:57:13.969] [INFO] appLog - Results fetched
[2016-03-07 17:57:27.224] [INFO] appLog - Results fetched
[2016-03-07 17:58:55.615] [INFO] appLog - Results fetched
[2016-03-07 17:59:12.847] [INFO] appLog - Results fetched
[2016-03-07 18:01:52.746] [INFO] appLog - Results fetched
[2016-03-07 18:05:37.701] [INFO] appLog - Results fetched
[2016-03-07 18:10:28.165] [INFO] appLog - Results fetched
[2016-03-07 18:12:45.015] [INFO] appLog - Results fetched
[2016-03-07 18:13:00.716] [INFO] appLog - Results fetched
[2016-03-07 18:13:21.715] [INFO] appLog - Results fetched
[2016-03-07 18:46:17.011] [INFO] appLog - Results fetched
[2016-03-07 18:47:30.850] [INFO] appLog - Results fetched
[2016-03-07 18:50:43.419] [INFO] appLog - Results fetched
[2016-03-07 18:50:57.855] [INFO] appLog - Results fetched
[2016-03-07 18:51:26.569] [INFO] appLog - Results fetched
[2016-03-07 18:51:38.949] [INFO] appLog - Results fetched
[2016-03-07 18:52:07.169] [INFO] appLog - Results fetched
[2016-03-07 18:52:56.417] [INFO] appLog - Results fetched
[2016-03-07 18:54:56.318] [INFO] appLog - Results fetched
[2016-03-07 18:56:17.443] [INFO] appLog - Results fetched
[2016-03-07 18:56:20.047] [INFO] appLog - Results fetched
[2016-03-07 19:02:09.521] [INFO] appLog - Results fetched
[2016-03-07 19:02:31.650] [INFO] appLog - Results fetched
[2016-03-07 19:03:20.046] [INFO] appLog - Results fetched
[2016-03-07 19:04:32.779] [INFO] appLog - Results fetched
[2016-03-07 19:06:06.292] [INFO] appLog - Results fetched
[2016-03-07 19:07:24.358] [INFO] appLog - Results fetched
[2016-03-07 19:08:05.308] [INFO] appLog - Results fetched
[2016-03-07 19:08:28.943] [INFO] appLog - Results fetched
[2016-03-07 19:08:52.013] [INFO] appLog - Results fetched
[2016-03-07 19:11:56.402] [INFO] appLog - Results fetched
[2016-03-07 19:12:35.668] [INFO] appLog - Results fetched
[2016-03-07 19:13:07.347] [INFO] appLog - Results fetched
[2016-03-07 19:13:45.812] [INFO] appLog - Results fetched
[2016-03-07 19:24:31.605] [INFO] appLog - Results fetched
[2016-03-07 19:24:45.513] [INFO] appLog - Results fetched
[2016-03-07 19:25:09.636] [INFO] appLog - Results fetched
[2016-03-07 19:25:42.456] [INFO] appLog - Results fetched
[2016-03-07 19:26:02.783] [INFO] appLog - Results fetched
[2016-03-07 19:26:52.385] [INFO] appLog - Results fetched
[2016-03-07 19:27:25.918] [INFO] appLog - Results fetched
[2016-03-07 19:27:43.959] [INFO] appLog - Results fetched
[2016-03-07 19:27:54.213] [INFO] appLog - Results fetched
[2016-03-07 19:29:06.916] [INFO] appLog - Results fetched
[2016-03-07 19:30:29.921] [INFO] appLog - Results fetched
[2016-03-07 19:37:36.171] [INFO] appLog - Results fetched
[2016-03-07 19:38:25.883] [INFO] appLog - Results fetched
[2016-03-07 19:39:28.957] [INFO] appLog - Results fetched
[2016-03-07 20:02:33.457] [INFO] appLog - Results fetched
[2016-03-07 20:02:56.546] [INFO] appLog - Results fetched
[2016-03-07 20:04:05.426] [INFO] appLog - Results fetched
[2016-03-07 20:05:13.504] [INFO] appLog - Results fetched
[2016-03-07 20:05:26.911] [INFO] appLog - Results fetched
[2016-03-07 20:06:57.393] [INFO] appLog - Results fetched
[2016-03-07 20:07:26.720] [INFO] appLog - Results fetched
[2016-03-07 20:07:37.645] [INFO] appLog - Results fetched
[2016-03-07 20:07:53.959] [INFO] appLog - Results fetched
[2016-03-07 20:08:06.858] [INFO] appLog - Results fetched
[2016-03-07 20:08:13.890] [INFO] appLog - Results fetched
[2016-03-07 20:16:55.460] [INFO] appLog - Results fetched
[2016-03-07 20:18:43.094] [INFO] appLog - Results fetched
[2016-03-07 20:21:06.256] [INFO] appLog - Results fetched
[2016-03-07 20:21:47.459] [INFO] appLog - Results fetched
[2016-03-07 20:24:37.683] [INFO] appLog - Results fetched
[2016-03-07 20:26:44.444] [INFO] appLog - Results fetched
[2016-03-07 20:26:58.962] [INFO] appLog - Results fetched
[2016-03-07 20:27:55.047] [INFO] appLog - Results fetched
[2016-03-07 20:28:24.227] [INFO] appLog - Results fetched
[2016-03-07 20:28:35.761] [INFO] appLog - Results fetched
[2016-03-07 20:29:11.516] [INFO] appLog - Results fetched
[2016-03-07 20:29:39.391] [INFO] appLog - Results fetched
[2016-03-07 20:30:11.943] [INFO] appLog - Results fetched
[2016-03-07 20:30:21.167] [INFO] appLog - Results fetched
[2016-03-07 20:30:29.359] [INFO] appLog - Results fetched
[2016-03-07 20:30:52.369] [INFO] appLog - Results fetched
[2016-03-07 20:31:16.180] [INFO] appLog - Results fetched
[2016-03-07 20:31:37.743] [INFO] appLog - Results fetched
[2016-03-07 20:31:48.177] [INFO] appLog - Results fetched
[2016-03-07 20:32:03.053] [INFO] appLog - Results fetched
[2016-03-07 20:32:15.742] [INFO] appLog - Results fetched
[2016-03-07 20:32:40.151] [INFO] appLog - Results fetched
[2016-03-07 20:34:08.068] [INFO] appLog - Results fetched
[2016-03-07 20:34:22.293] [INFO] appLog - Results fetched
[2016-03-07 20:34:36.129] [INFO] appLog - Results fetched
[2016-03-07 20:34:58.573] [INFO] appLog - Results fetched
[2016-03-07 20:35:40.947] [INFO] appLog - Results fetched
[2016-03-07 20:35:59.748] [INFO] appLog - Results fetched
[2016-03-07 20:36:09.688] [INFO] appLog - Results fetched
[2016-03-07 20:36:16.209] [INFO] appLog - Results fetched
[2016-03-07 20:36:24.859] [INFO] appLog - Results fetched
[2016-03-07 20:36:55.161] [INFO] appLog - Results fetched
[2016-03-07 20:37:07.411] [INFO] appLog - Results fetched
[2016-03-07 20:37:29.285] [INFO] appLog - Results fetched
[2016-03-07 20:37:49.656] [INFO] appLog - Results fetched
[2016-03-07 20:39:18.613] [INFO] appLog - Results fetched
[2016-03-07 20:40:52.323] [INFO] appLog - Results fetched
[2016-03-07 20:41:14.700] [INFO] appLog - Results fetched
[2016-03-07 20:42:25.118] [INFO] appLog - Results fetched
[2016-03-07 20:42:51.014] [INFO] appLog - Results fetched
[2016-03-07 20:43:18.796] [INFO] appLog - Results fetched
[2016-03-07 20:43:33.933] [INFO] appLog - Results fetched
[2016-03-07 20:44:03.153] [INFO] appLog - Results fetched
[2016-03-07 23:41:19.133] [INFO] appLog - Server listening on port: 3000
[2016-03-07 23:41:19.169] [INFO] appLog - Connected to Mongo DB successfully
[2016-03-07 23:41:34.311] [INFO] appLog - Results fetched
[2016-03-07 23:41:34.554] [INFO] appLog - Results fetched
[2016-03-07 23:43:22.650] [INFO] appLog - Results fetched
[2016-03-07 23:43:22.849] [INFO] appLog - Results fetched
[2016-03-07 23:45:07.151] [INFO] appLog - Results fetched
[2016-03-07 23:45:07.327] [INFO] appLog - Results fetched
[2016-03-07 23:45:54.254] [INFO] appLog - Results fetched
[2016-03-07 23:45:54.401] [INFO] appLog - Results fetched
[2016-03-07 23:46:06.146] [INFO] appLog - Results fetched
[2016-03-07 23:46:06.293] [INFO] appLog - Results fetched
[2016-03-07 23:46:16.684] [INFO] appLog - Results fetched
[2016-03-07 23:46:16.831] [INFO] appLog - Results fetched
[2016-03-07 23:46:27.934] [INFO] appLog - Results fetched
[2016-03-07 23:46:28.084] [INFO] appLog - Results fetched
[2016-03-07 23:47:40.757] [INFO] appLog - Results fetched
[2016-03-07 23:47:40.896] [INFO] appLog - Results fetched
[2016-03-07 23:48:02.864] [INFO] appLog - Results fetched
[2016-03-07 23:48:03.020] [INFO] appLog - Results fetched
[2016-03-07 23:48:22.723] [INFO] appLog - Results fetched
[2016-03-07 23:48:22.872] [INFO] appLog - Results fetched
[2016-03-07 23:48:54.264] [INFO] appLog - Results fetched
[2016-03-07 23:48:54.418] [INFO] appLog - Results fetched
[2016-03-07 23:49:15.242] [INFO] appLog - Results fetched
[2016-03-07 23:49:15.366] [INFO] appLog - Results fetched
[2016-03-07 23:49:25.138] [INFO] appLog - Results fetched
[2016-03-07 23:49:25.266] [INFO] appLog - Results fetched
[2016-03-07 23:49:38.557] [INFO] appLog - Results fetched
[2016-03-07 23:49:38.670] [INFO] appLog - Results fetched
[2016-03-07 23:50:32.907] [INFO] appLog - Results fetched
[2016-03-07 23:50:33.004] [INFO] appLog - Results fetched
[2016-03-07 23:50:44.717] [INFO] appLog - Results fetched
[2016-03-07 23:50:44.825] [INFO] appLog - Results fetched
[2016-03-07 23:51:11.516] [INFO] appLog - Results fetched
[2016-03-07 23:51:11.635] [INFO] appLog - Results fetched
[2016-03-07 23:51:20.575] [INFO] appLog - Results fetched
[2016-03-07 23:51:20.707] [INFO] appLog - Results fetched
[2016-03-07 23:51:25.374] [INFO] appLog - Results fetched
[2016-03-07 23:51:25.509] [INFO] appLog - Results fetched
[2016-03-07 23:51:51.255] [INFO] appLog - Results fetched
[2016-03-07 23:51:51.400] [INFO] appLog - Results fetched
[2016-03-07 23:52:02.164] [INFO] appLog - Results fetched
[2016-03-07 23:52:02.296] [INFO] appLog - Results fetched
[2016-03-07 23:52:11.930] [INFO] appLog - Results fetched
[2016-03-07 23:52:12.087] [INFO] appLog - Results fetched
[2016-03-07 23:52:25.038] [INFO] appLog - Results fetched
[2016-03-07 23:52:25.124] [INFO] appLog - Results fetched
[2016-03-07 23:52:39.387] [INFO] appLog - Results fetched
[2016-03-07 23:52:39.520] [INFO] appLog - Results fetched
[2016-03-07 23:53:12.357] [INFO] appLog - Results fetched
[2016-03-07 23:53:12.514] [INFO] appLog - Results fetched
[2016-03-07 23:53:21.050] [INFO] appLog - Results fetched
[2016-03-07 23:53:21.186] [INFO] appLog - Results fetched
[2016-03-07 23:53:30.461] [INFO] appLog - Results fetched
[2016-03-07 23:53:30.598] [INFO] appLog - Results fetched
[2016-03-07 23:54:07.171] [INFO] appLog - Results fetched
[2016-03-07 23:54:07.322] [INFO] appLog - Results fetched
[2016-03-07 23:54:14.316] [INFO] appLog - Results fetched
[2016-03-07 23:54:14.444] [INFO] appLog - Results fetched
[2016-03-07 23:54:43.990] [INFO] appLog - Results fetched
[2016-03-07 23:54:44.138] [INFO] appLog - Results fetched
[2016-03-07 23:56:52.517] [INFO] appLog - Results fetched
[2016-03-07 23:56:52.649] [INFO] appLog - Results fetched
[2016-03-07 23:57:29.096] [INFO] appLog - Results fetched
[2016-03-07 23:57:29.257] [INFO] appLog - Results fetched
[2016-03-08 00:00:32.646] [INFO] appLog - Results fetched
[2016-03-08 00:00:32.800] [INFO] appLog - Results fetched
[2016-03-08 00:01:05.574] [INFO] appLog - Results fetched
[2016-03-08 00:01:05.704] [INFO] appLog - Results fetched
[2016-03-08 00:01:21.699] [INFO] appLog - Results fetched
[2016-03-08 00:01:21.822] [INFO] appLog - Results fetched
[2016-03-08 00:01:33.394] [INFO] appLog - Results fetched
[2016-03-08 00:01:33.519] [INFO] appLog - Results fetched
[2016-03-08 00:01:43.321] [INFO] appLog - Results fetched
[2016-03-08 00:01:43.436] [INFO] appLog - Results fetched
[2016-03-08 00:01:55.790] [INFO] appLog - Results fetched
[2016-03-08 00:01:55.899] [INFO] appLog - Results fetched
[2016-03-08 00:02:25.388] [INFO] appLog - Results fetched
[2016-03-08 00:02:25.510] [INFO] appLog - Results fetched
[2016-03-08 00:03:09.305] [INFO] appLog - Results fetched
[2016-03-08 00:03:09.425] [INFO] appLog - Results fetched
[2016-03-08 00:03:55.076] [INFO] appLog - Results fetched
[2016-03-08 00:03:55.225] [INFO] appLog - Results fetched
[2016-03-08 00:04:37.009] [INFO] appLog - Results fetched
[2016-03-08 00:04:37.127] [INFO] appLog - Results fetched
[2016-03-08 00:04:43.514] [INFO] appLog - Results fetched
[2016-03-08 00:04:43.654] [INFO] appLog - Results fetched
[2016-03-08 00:05:15.235] [INFO] appLog - Results fetched
[2016-03-08 00:05:15.385] [INFO] appLog - Results fetched
[2016-03-08 00:12:00.566] [INFO] appLog - Results fetched
[2016-03-08 00:12:00.726] [INFO] appLog - Results fetched
[2016-03-08 00:12:08.620] [INFO] appLog - Results fetched
[2016-03-08 00:12:08.791] [INFO] appLog - Results fetched
